# JRE version: OpenJDK Runtime Environment (21.0.4) (build 21.0.4+-12508038-b607.1)
# Java VM: OpenJDK 64-Bit Server VM (21.0.4+-12508038-b607.1, mixed mode, tiered, compressed oops, compressed class ptrs, g1 gc, windows-amd64)
GC Precious Log:
 CardTable entry size: 512
 Card Set container configuration: InlinePtr #cards 5 size 8 Array Of Cards #cards 12 size 40 Howl #buckets 4 coarsen threshold 1843 Howl Bitmap #cards 512 size 80 coarsen threshold 460 Card regions per heap region 1 cards per card region 2048
 CPUs: 8 total, 8 available
 Memory: 8030M
 Large Page Support: Disabled
 NUMA Support: Disabled
 Compressed Oops: Enabled (32-bit)
 Heap Region Size: 1M
 Heap Min Capacity: 8M
 Heap Initial Capacity: 126M
 Heap Max Capacity: 2G
 Pre-touch: Disabled
 Parallel Workers: 8
 Concurrent Workers: 2
 Concurrent Refinement Workers: 8
 Periodic GC: Disabled
Heap:
 garbage-first heap   total 159744K, used 132829K [0x0000000080000000, 0x0000000100000000)
  region size 1024K, 50 young (51200K), 3 survivors (3072K)
 Metaspace       used 87424K, committed 89344K, reserved 1179648K
  class space    used 11758K, committed 12736K, reserved 1048576K
GC Heap History (20 events):
Event: 10.085 GC heap before
{Heap before GC invocations=18 (full 0):
 garbage-first heap   total 104448K, used 89962K [0x0000000080000000, 0x0000000100000000)
  region size 1024K, 46 young (47104K), 4 survivors (4096K)
 Metaspace       used 66703K, committed 68416K, reserved 1114112K
  class space    used 9074K, committed 9920K, reserved 1048576K
}
Event: 10.089 GC heap after
{Heap after GC invocations=19 (full 0):
 garbage-first heap   total 104448K, used 49175K [0x0000000080000000, 0x0000000100000000)
  region size 1024K, 4 young (4096K), 4 survivors (4096K)
 Metaspace       used 66703K, committed 68416K, reserved 1114112K
  class space    used 9074K, committed 9920K, reserved 1048576K
}
Event: 10.310 GC heap before
{Heap before GC invocations=20 (full 0):
 garbage-first heap   total 104448K, used 90135K [0x0000000080000000, 0x0000000100000000)
  region size 1024K, 45 young (46080K), 4 survivors (4096K)
 Metaspace       used 66707K, committed 68416K, reserved 1114112K
  class space    used 9074K, committed 9920K, reserved 1048576K
}
Event: 10.316 GC heap after
{Heap after GC invocations=21 (full 0):
 garbage-first heap   total 104448K, used 50278K [0x0000000080000000, 0x0000000100000000)
  region size 1024K, 4 young (4096K), 4 survivors (4096K)
 Metaspace       used 66707K, committed 68416K, reserved 1114112K
  class space    used 9074K, committed 9920K, reserved 1048576K
}
Event: 11.020 GC heap before
{Heap before GC invocations=21 (full 0):
 garbage-first heap   total 104448K, used 102502K [0x0000000080000000, 0x0000000100000000)
  region size 1024K, 42 young (43008K), 4 survivors (4096K)
 Metaspace       used 68229K, committed 69888K, reserved 1114112K
  class space    used 9297K, committed 10112K, reserved 1048576K
}
Event: 11.026 GC heap after
{Heap after GC invocations=22 (full 0):
 garbage-first heap   total 115712K, used 69655K [0x0000000080000000, 0x0000000100000000)
  region size 1024K, 6 young (6144K), 6 survivors (6144K)
 Metaspace       used 68229K, committed 69888K, reserved 1114112K
  class space    used 9297K, committed 10112K, reserved 1048576K
}
Event: 11.098 GC heap before
{Heap before GC invocations=22 (full 0):
 garbage-first heap   total 115712K, used 72727K [0x0000000080000000, 0x0000000100000000)
  region size 1024K, 10 young (10240K), 6 survivors (6144K)
 Metaspace       used 68438K, committed 70144K, reserved 1114112K
  class space    used 9315K, committed 10176K, reserved 1048576K
}
Event: 11.102 GC heap after
{Heap after GC invocations=23 (full 0):
 garbage-first heap   total 115712K, used 70790K [0x0000000080000000, 0x0000000100000000)
  region size 1024K, 1 young (1024K), 1 survivors (1024K)
 Metaspace       used 68438K, committed 70144K, reserved 1114112K
  class space    used 9315K, committed 10176K, reserved 1048576K
}
Event: 11.577 GC heap before
{Heap before GC invocations=24 (full 0):
 garbage-first heap   total 121856K, used 101510K [0x0000000080000000, 0x0000000100000000)
  region size 1024K, 31 young (31744K), 1 survivors (1024K)
 Metaspace       used 71061K, committed 72768K, reserved 1114112K
  class space    used 9648K, committed 10496K, reserved 1048576K
}
Event: 11.579 GC heap after
{Heap after GC invocations=25 (full 0):
 garbage-first heap   total 121856K, used 72543K [0x0000000080000000, 0x0000000100000000)
  region size 1024K, 2 young (2048K), 2 survivors (2048K)
 Metaspace       used 71061K, committed 72768K, reserved 1114112K
  class space    used 9648K, committed 10496K, reserved 1048576K
}
Event: 12.059 GC heap before
{Heap before GC invocations=25 (full 0):
 garbage-first heap   total 121856K, used 107359K [0x0000000080000000, 0x0000000100000000)
  region size 1024K, 37 young (37888K), 2 survivors (2048K)
 Metaspace       used 75081K, committed 76928K, reserved 1179648K
  class space    used 10159K, committed 11072K, reserved 1048576K
}
Event: 12.064 GC heap after
{Heap after GC invocations=26 (full 0):
 garbage-first heap   total 121856K, used 73165K [0x0000000080000000, 0x0000000100000000)
  region size 1024K, 3 young (3072K), 3 survivors (3072K)
 Metaspace       used 75081K, committed 76928K, reserved 1179648K
  class space    used 10159K, committed 11072K, reserved 1048576K
}
Event: 12.385 GC heap before
{Heap before GC invocations=26 (full 0):
 garbage-first heap   total 121856K, used 87501K [0x0000000080000000, 0x0000000100000000)
  region size 1024K, 18 young (18432K), 3 survivors (3072K)
 Metaspace       used 77269K, committed 79168K, reserved 1179648K
  class space    used 10441K, committed 11392K, reserved 1048576K
}
Event: 12.389 GC heap after
{Heap after GC invocations=27 (full 0):
 garbage-first heap   total 121856K, used 75194K [0x0000000080000000, 0x0000000100000000)
  region size 1024K, 4 young (4096K), 4 survivors (4096K)
 Metaspace       used 77269K, committed 79168K, reserved 1179648K
  class space    used 10441K, committed 11392K, reserved 1048576K
}
Event: 12.875 GC heap before
{Heap before GC invocations=28 (full 0):
 garbage-first heap   total 133120K, used 115130K [0x0000000080000000, 0x0000000100000000)
  region size 1024K, 38 young (38912K), 4 survivors (4096K)
 Metaspace       used 79088K, committed 81024K, reserved 1179648K
  class space    used 10692K, committed 11648K, reserved 1048576K
}
Event: 12.881 GC heap after
{Heap after GC invocations=29 (full 0):
 garbage-first heap   total 133120K, used 79387K [0x0000000080000000, 0x0000000100000000)
  region size 1024K, 5 young (5120K), 5 survivors (5120K)
 Metaspace       used 79088K, committed 81024K, reserved 1179648K
  class space    used 10692K, committed 11648K, reserved 1048576K
}
Event: 13.575 GC heap before
{Heap before GC invocations=29 (full 0):
 garbage-first heap   total 133120K, used 118299K [0x0000000080000000, 0x0000000100000000)
  region size 1024K, 43 young (44032K), 5 survivors (5120K)
 Metaspace       used 82655K, committed 84608K, reserved 1179648K
  class space    used 11154K, committed 12160K, reserved 1048576K
}
Event: 13.580 GC heap after
{Heap after GC invocations=30 (full 0):
 garbage-first heap   total 159744K, used 81471K [0x0000000080000000, 0x0000000100000000)
  region size 1024K, 3 young (3072K), 3 survivors (3072K)
 Metaspace       used 82655K, committed 84608K, reserved 1179648K
  class space    used 11154K, committed 12160K, reserved 1048576K
}
Event: 13.738 GC heap before
{Heap before GC invocations=30 (full 0):
 garbage-first heap   total 159744K, used 89663K [0x0000000080000000, 0x0000000100000000)
  region size 1024K, 12 young (12288K), 3 survivors (3072K)
 Metaspace       used 83630K, committed 85440K, reserved 1179648K
  class space    used 11276K, committed 12160K, reserved 1048576K
}
Event: 13.742 GC heap after
{Heap after GC invocations=31 (full 0):
 garbage-first heap   total 159744K, used 81629K [0x0000000080000000, 0x0000000100000000)
  region size 1024K, 3 young (3072K), 3 survivors (3072K)
 Metaspace       used 83630K, committed 85440K, reserved 1179648K
  class space    used 11276K, committed 12160K, reserved 1048576K
}

