# JRE version: OpenJDK Runtime Environment (21.0.4) (build 21.0.4+-12508038-b607.1)
# Java VM: OpenJDK 64-Bit Server VM (21.0.4+-12508038-b607.1, mixed mode, tiered, compressed oops, compressed class ptrs, g1 gc, windows-amd64)
GC Precious Log:
 CardTable entry size: 512
 Card Set container configuration: InlinePtr #cards 5 size 8 Array Of Cards #cards 12 size 40 Howl #buckets 4 coarsen threshold 1843 Howl Bitmap #cards 512 size 80 coarsen threshold 460 Card regions per heap region 1 cards per card region 2048
 CPUs: 8 total, 8 available
 Memory: 8030M
 Large Page Support: Disabled
 NUMA Support: Disabled
 Compressed Oops: Enabled (32-bit)
 Heap Region Size: 1M
 Heap Min Capacity: 8M
 Heap Initial Capacity: 126M
 Heap Max Capacity: 2G
 Pre-touch: Disabled
 Parallel Workers: 8
 Concurrent Workers: 2
 Concurrent Refinement Workers: 8
 Periodic GC: Disabled
Heap:
 garbage-first heap   total 145408K, used 94564K [0x0000000080000000, 0x0000000100000000)
  region size 1024K, 27 young (27648K), 4 survivors (4096K)
 Metaspace       used 72528K, committed 74240K, reserved 1114112K
  class space    used 9759K, committed 10624K, reserved 1048576K
GC Heap History (20 events):
Event: 5.180 GC heap before
{Heap before GC invocations=9 (full 0):
 garbage-first heap   total 90112K, used 75857K [0x0000000080000000, 0x0000000100000000)
  region size 1024K, 51 young (52224K), 3 survivors (3072K)
 Metaspace       used 44470K, committed 45696K, reserved 1114112K
  class space    used 5967K, committed 6592K, reserved 1048576K
}
Event: 5.185 GC heap after
{Heap after GC invocations=10 (full 0):
 garbage-first heap   total 108544K, used 31756K [0x0000000080000000, 0x0000000100000000)
  region size 1024K, 7 young (7168K), 7 survivors (7168K)
 Metaspace       used 44470K, committed 45696K, reserved 1114112K
  class space    used 5967K, committed 6592K, reserved 1048576K
}
Event: 5.622 GC heap before
{Heap before GC invocations=10 (full 0):
 garbage-first heap   total 108544K, used 88076K [0x0000000080000000, 0x0000000100000000)
  region size 1024K, 63 young (64512K), 7 survivors (7168K)
 Metaspace       used 47264K, committed 48448K, reserved 1114112K
  class space    used 6325K, committed 6912K, reserved 1048576K
}
Event: 5.631 GC heap after
{Heap after GC invocations=11 (full 0):
 garbage-first heap   total 108544K, used 34659K [0x0000000080000000, 0x0000000100000000)
  region size 1024K, 8 young (8192K), 8 survivors (8192K)
 Metaspace       used 47264K, committed 48448K, reserved 1114112K
  class space    used 6325K, committed 6912K, reserved 1048576K
}
Event: 6.777 GC heap before
{Heap before GC invocations=11 (full 0):
 garbage-first heap   total 108544K, used 93027K [0x0000000080000000, 0x0000000100000000)
  region size 1024K, 63 young (64512K), 8 survivors (8192K)
 Metaspace       used 55306K, committed 56832K, reserved 1114112K
  class space    used 7441K, committed 8192K, reserved 1048576K
}
Event: 6.786 GC heap after
{Heap after GC invocations=12 (full 0):
 garbage-first heap   total 108544K, used 37303K [0x0000000080000000, 0x0000000100000000)
  region size 1024K, 6 young (6144K), 6 survivors (6144K)
 Metaspace       used 55306K, committed 56832K, reserved 1114112K
  class space    used 7441K, committed 8192K, reserved 1048576K
}
Event: 7.332 GC heap before
{Heap before GC invocations=12 (full 0):
 garbage-first heap   total 108544K, used 64951K [0x0000000080000000, 0x0000000100000000)
  region size 1024K, 34 young (34816K), 6 survivors (6144K)
 Metaspace       used 59469K, committed 60928K, reserved 1114112K
  class space    used 8040K, committed 8768K, reserved 1048576K
}
Event: 7.339 GC heap after
{Heap after GC invocations=13 (full 0):
 garbage-first heap   total 108544K, used 39087K [0x0000000080000000, 0x0000000100000000)
  region size 1024K, 5 young (5120K), 5 survivors (5120K)
 Metaspace       used 59469K, committed 60928K, reserved 1114112K
  class space    used 8040K, committed 8768K, reserved 1048576K
}
Event: 8.597 GC heap before
{Heap before GC invocations=14 (full 0):
 garbage-first heap   total 108544K, used 96431K [0x0000000080000000, 0x0000000100000000)
  region size 1024K, 61 young (62464K), 5 survivors (5120K)
 Metaspace       used 65261K, committed 66944K, reserved 1114112K
  class space    used 8932K, committed 9792K, reserved 1048576K
}
Event: 8.607 GC heap after
{Heap after GC invocations=15 (full 0):
 garbage-first heap   total 108544K, used 44041K [0x0000000080000000, 0x0000000100000000)
  region size 1024K, 7 young (7168K), 7 survivors (7168K)
 Metaspace       used 65261K, committed 66944K, reserved 1114112K
  class space    used 8932K, committed 9792K, reserved 1048576K
}
Event: 9.137 GC heap before
{Heap before GC invocations=15 (full 0):
 garbage-first heap   total 108544K, used 93193K [0x0000000080000000, 0x0000000100000000)
  region size 1024K, 56 young (57344K), 7 survivors (7168K)
 Metaspace       used 66228K, committed 67904K, reserved 1114112K
  class space    used 9040K, committed 9856K, reserved 1048576K
}
Event: 9.150 GC heap after
{Heap after GC invocations=16 (full 0):
 garbage-first heap   total 108544K, used 47691K [0x0000000080000000, 0x0000000100000000)
  region size 1024K, 5 young (5120K), 5 survivors (5120K)
 Metaspace       used 66228K, committed 67904K, reserved 1114112K
  class space    used 9040K, committed 9856K, reserved 1048576K
}
Event: 9.593 GC heap before
{Heap before GC invocations=16 (full 0):
 garbage-first heap   total 108544K, used 95819K [0x0000000080000000, 0x0000000100000000)
  region size 1024K, 53 young (54272K), 5 survivors (5120K)
 Metaspace       used 66521K, committed 68160K, reserved 1114112K
  class space    used 9041K, committed 9856K, reserved 1048576K
}
Event: 9.598 GC heap after
{Heap after GC invocations=17 (full 0):
 garbage-first heap   total 108544K, used 48940K [0x0000000080000000, 0x0000000100000000)
  region size 1024K, 4 young (4096K), 4 survivors (4096K)
 Metaspace       used 66521K, committed 68160K, reserved 1114112K
  class space    used 9041K, committed 9856K, reserved 1048576K
}
Event: 9.855 GC heap before
{Heap before GC invocations=17 (full 0):
 garbage-first heap   total 108544K, used 96044K [0x0000000080000000, 0x0000000100000000)
  region size 1024K, 51 young (52224K), 4 survivors (4096K)
 Metaspace       used 66576K, committed 68224K, reserved 1114112K
  class space    used 9042K, committed 9856K, reserved 1048576K
}
Event: 9.859 GC heap after
{Heap after GC invocations=18 (full 0):
 garbage-first heap   total 108544K, used 49913K [0x0000000080000000, 0x0000000100000000)
  region size 1024K, 5 young (5120K), 5 survivors (5120K)
 Metaspace       used 66576K, committed 68224K, reserved 1114112K
  class space    used 9042K, committed 9856K, reserved 1048576K
}
Event: 10.428 GC heap before
{Heap before GC invocations=19 (full 0):
 garbage-first heap   total 109568K, used 108281K [0x0000000080000000, 0x0000000100000000)
  region size 1024K, 50 young (51200K), 5 survivors (5120K)
 Metaspace       used 67233K, committed 68928K, reserved 1114112K
  class space    used 9151K, committed 9984K, reserved 1048576K
}
Event: 10.437 GC heap after
{Heap after GC invocations=20 (full 0):
 garbage-first heap   total 120832K, used 67953K [0x0000000080000000, 0x0000000100000000)
  region size 1024K, 7 young (7168K), 7 survivors (7168K)
 Metaspace       used 67233K, committed 68928K, reserved 1114112K
  class space    used 9151K, committed 9984K, reserved 1048576K
}
Event: 11.060 GC heap before
{Heap before GC invocations=20 (full 0):
 garbage-first heap   total 120832K, used 105841K [0x0000000080000000, 0x0000000100000000)
  region size 1024K, 43 young (44032K), 7 survivors (7168K)
 Metaspace       used 70162K, committed 71872K, reserved 1114112K
  class space    used 9522K, committed 10368K, reserved 1048576K
}
Event: 11.065 GC heap after
{Heap after GC invocations=21 (full 0):
 garbage-first heap   total 145408K, used 73060K [0x0000000080000000, 0x0000000100000000)
  region size 1024K, 4 young (4096K), 4 survivors (4096K)
 Metaspace       used 70162K, committed 71872K, reserved 1114112K
  class space    used 9522K, committed 10368K, reserved 1048576K
}

